{
  "stats": {
    "suites": 0,
    "tests": 1,
    "passes": 1,
    "pending": 0,
    "failures": 0,
    "start": "2021-07-06T21:17:00.130Z",
    "end": "2021-07-06T21:17:20.894Z",
    "duration": 20764,
    "testsRegistered": 1,
    "passPercent": 100,
    "pendingPercent": 0,
    "other": 0,
    "hasOther": false,
    "skipped": 0,
    "hasSkipped": false
  },
  "results": [
    {
      "uuid": "9366d569-b240-477a-9712-e23d43076da2",
      "title": "",
      "fullFile": "cypress/integration/desafio.spec.js",
      "file": "cypress/integration/desafio.spec.js",
      "beforeHooks": [],
      "afterHooks": [],
      "tests": [
        {
          "title": "Cadastrar um novo usuário",
          "fullTitle": "Cadastrar um novo usuário",
          "timedOut": null,
          "duration": 20711,
          "state": "passed",
          "speed": "slow",
          "pass": true,
          "fail": false,
          "pending": false,
          "context": null,
          "code": "cy.visit('/');\ncy.get('.login').click();\ncy.get('input[id$=\"create\"]').type(chance.email());\ncy.get('#SubmitCreate').click();\ncy.intercept('POST', 'http://automationpractice.com/index.php', {\n  statusCode: 200\n});\ncy.intercept('POST', 'http://automationpractice.com/index.php?rand=1625447035524', {\n  statusCode: 200\n}).as('SubmitMyACC'); //yout personal information\ncy.get('#id_gender1').check();\ncy.get('#customer_firstname').type(chance.first());\ncy.get('#customer_lastname').type(chance.last());\ncy.get('#passwd').type('@numeroaleatorio');\ncy.get('select#days').select('13');\ncy.get('#months').select(chance.month());\ncy.get('#years').select(chance.year({\n  min: 1990,\n  max: 2021\n})); //receive news letter\ncy.get('#newsletter').check();\ncy.get('#optin').check(); //Your Adress information\ncy.get('#company').type(chance.company());\ncy.get('#address1').type(chance.address({\n  short_suffix: true\n}));\ncy.get('#address2').type(chance.address({\n  short_suffix: true\n}));\ncy.get('#city').type(chance.city());\ncy.get('select#id_state').select('Texas');\ncy.get('#postcode').type(chance.zip());\ncy.get('textarea#other').type(chance.paragraph({\n  sentences: 1\n}));\ncy.get('#phone').type(chance.phone({\n  formatted: false\n}));\ncy.get('#phone_mobile').type(chance.phone({\n  formatted: false\n}));\ncy.get('#alias').type('Random Alias');\ncy.get('#submitAccount').click();\ncy.url().should('contain', 'my-account');\ncy.get('.info-account').should('contain', 'Welcome to your account');",
          "err": {},
          "uuid": "6d9dadea-f841-438b-b36b-d7141b9eb6cd",
          "parentUUID": "9366d569-b240-477a-9712-e23d43076da2",
          "isHook": false,
          "skipped": false
        }
      ],
      "suites": [],
      "passes": [
        "6d9dadea-f841-438b-b36b-d7141b9eb6cd"
      ],
      "failures": [],
      "pending": [],
      "skipped": [],
      "duration": 20711,
      "root": true,
      "rootEmpty": false,
      "_timeout": 2000
    }
  ],
  "meta": {
    "mocha": {
      "version": "7.0.1"
    },
    "mochawesome": {
      "options": {
        "quiet": true,
        "reportFilename": "mochawesome",
        "saveHtml": false,
        "saveJson": true,
        "consoleReporter": "spec",
        "useInlineDiffs": false,
        "code": true
      },
      "version": "6.2.2"
    },
    "marge": {
      "options": {
        "id": "default",
        "reportDir": "mochawesome-report",
        "quiet": true,
        "overwrite": false,
        "html": false,
        "json": true
      },
      "version": "5.2.0"
    }
  }
}